Using pre-set license
Built from '2020.3/staging' branch; Version is '2020.3.26f1 (7298b473bc1a) revision 7510196'; Using compiler version '192528614'; Build Type 'Release'
OS: 'Windows 10  (10.0.19043) 64bit Professional' Language: 'pt' Physical Memory: 12151 MB
BatchMode: 1, IsHumanControllingUs: 0, StartBugReporterOnCrash: 0, Is64bit: 1, IsPro: 0

COMMAND LINE ARGUMENTS:
C:\Program Files\Unity\Hub\Editor\2020.3.26f1\Editor\Unity.exe
-adb2
-batchMode
-noUpm
-name
AssetImportWorker1
-projectPath
C:/Users/SEMAS/Documents/PROJETOS/Aunts-Eater
-logFile
Logs/AssetImportWorker1.log
-srvPort
51633
Successfully changed project path to: C:/Users/SEMAS/Documents/PROJETOS/Aunts-Eater
C:/Users/SEMAS/Documents/PROJETOS/Aunts-Eater
Using Asset Import Pipeline V2.
Refreshing native plugins compatible for Editor in 56.94 ms, found 3 plugins.
Preloading 0 native plugins for Editor in 0.00 ms.
Initialize engine version: 2020.3.26f1 (7298b473bc1a)
[Subsystems] Discovering subsystems at path C:/Program Files/Unity/Hub/Editor/2020.3.26f1/Editor/Data/Resources/UnitySubsystems
[Subsystems] Discovering subsystems at path C:/Users/SEMAS/Documents/PROJETOS/Aunts-Eater/Assets
GfxDevice: creating device client; threaded=0
Direct3D:
    Version:  Direct3D 11.0 [level 11.1]
    Renderer: Intel(R) UHD Graphics 630 (ID=0x3e92)
    Vendor:   
    VRAM:     6075 MB
    Driver:   27.20.100.8681
Initialize mono
Mono path[0] = 'C:/Program Files/Unity/Hub/Editor/2020.3.26f1/Editor/Data/Managed'
Mono path[1] = 'C:/Program Files/Unity/Hub/Editor/2020.3.26f1/Editor/Data/MonoBleedingEdge/lib/mono/unityjit'
Mono config path = 'C:/Program Files/Unity/Hub/Editor/2020.3.26f1/Editor/Data/MonoBleedingEdge/etc'
Using monoOptions --debugger-agent=transport=dt_socket,embedding=1,server=y,suspend=n,address=127.0.0.1:56048
Begin MonoManager ReloadAssembly
Registering precompiled unity dll's ...
Register platform support module: C:/Program Files/Unity/Hub/Editor/2020.3.26f1/Editor/Data/PlaybackEngines/WindowsStandaloneSupport/UnityEditor.WindowsStandalone.Extensions.dll
Registered in 0.001923 seconds.
Native extension for WindowsStandalone target not found
Refreshing native plugins compatible for Editor in 52.48 ms, found 3 plugins.
Preloading 0 native plugins for Editor in 0.00 ms.
Mono: successfully reloaded assembly
- Completed reload, in  0.645 seconds
Domain Reload Profiling:
	ReloadAssembly (645ms)
		BeginReloadAssembly (60ms)
			ExecutionOrderSort (0ms)
			DisableScriptedObjects (0ms)
			BackupInstance (0ms)
			ReleaseScriptingObjects (0ms)
			CreateAndSetChildDomain (1ms)
		EndReloadAssembly (504ms)
			LoadAssemblies (57ms)
			RebuildTransferFunctionScriptingTraits (0ms)
			SetupTypeCache (162ms)
			ReleaseScriptCaches (0ms)
			RebuildScriptCaches (32ms)
			SetupLoadedEditorAssemblies (209ms)
				LogAssemblyErrors (0ms)
				InitializePlatformSupportModulesInManaged (6ms)
				SetLoadedEditorAssemblies (0ms)
				RefreshPlugins (53ms)
				BeforeProcessingInitializeOnLoad (16ms)
				ProcessInitializeOnLoadAttributes (89ms)
				ProcessInitializeOnLoadMethodAttributes (45ms)
				AfterProcessingInitializeOnLoad (0ms)
				EditorAssembliesLoaded (0ms)
			ExecutionOrderSort2 (0ms)
			AwakeInstancesAfterBackupRestoration (0ms)
Platform modules already initialized, skipping
Registering precompiled user dll's ...
Registered in 0.004664 seconds.
Begin MonoManager ReloadAssembly
Native extension for WindowsStandalone target not found
Refreshing native plugins compatible for Editor in 52.34 ms, found 3 plugins.
Preloading 0 native plugins for Editor in 0.00 ms.
Mono: successfully reloaded assembly
- Completed reload, in  1.952 seconds
Domain Reload Profiling:
	ReloadAssembly (1952ms)
		BeginReloadAssembly (153ms)
			ExecutionOrderSort (0ms)
			DisableScriptedObjects (5ms)
			BackupInstance (0ms)
			ReleaseScriptingObjects (0ms)
			CreateAndSetChildDomain (20ms)
		EndReloadAssembly (1733ms)
			LoadAssemblies (825ms)
			RebuildTransferFunctionScriptingTraits (0ms)
			SetupTypeCache (327ms)
			ReleaseScriptCaches (0ms)
			RebuildScriptCaches (53ms)
			SetupLoadedEditorAssemblies (401ms)
				LogAssemblyErrors (0ms)
				InitializePlatformSupportModulesInManaged (4ms)
				SetLoadedEditorAssemblies (0ms)
				RefreshPlugins (52ms)
				BeforeProcessingInitializeOnLoad (90ms)
				ProcessInitializeOnLoadAttributes (229ms)
				ProcessInitializeOnLoadMethodAttributes (18ms)
				AfterProcessingInitializeOnLoad (7ms)
				EditorAssembliesLoaded (0ms)
			ExecutionOrderSort2 (0ms)
			AwakeInstancesAfterBackupRestoration (6ms)
Platform modules already initialized, skipping
========================================================================
Worker process is ready to serve import requests
Launched and connected shader compiler UnityShaderCompiler.exe after 0.33 seconds
Refreshing native plugins compatible for Editor in 0.53 ms, found 3 plugins.
Preloading 0 native plugins for Editor in 0.00 ms.
Unloading 2218 Unused Serialized files (Serialized files now loaded: 0)
System memory in use before: 96.7 MB.
System memory in use after: 96.8 MB.

Unloading 28 unused Assets to reduce memory usage. Loaded Objects now: 2656.
Total: 2.942800 ms (FindLiveObjects: 0.165300 ms CreateObjectMapping: 0.083800 ms MarkObjects: 2.633000 ms  DeleteObjects: 0.059900 ms)

AssetImportParameters requested are different than current active one (requested -> active):
  custom:framework-win-MediaFoundation: 216162199b28c13a410421893ffa2e32 -> 
  custom:video-decoder-ogg-theora: a1e56fd34408186e4bbccfd4996cb3dc -> 
  custom:container-muxer-webm: aa71ff27fc2769a1b78a27578f13a17b -> 
  custom:container-demuxer-webm: 4f35f7cbe854078d1ac9338744f61a02 -> 
  custom:container-demuxer-ogg: 62fdf1f143b41e24485cea50d1cbac27 -> 
  custom:video-encoder-webm-vp8: eb34c28f22e8b96e1ab97ce403110664 -> 
  custom:video-decoder-webm-vp8: 9c59270c3fd7afecdb556c50c9e8de78 -> 
  custom:audio-decoder-ogg-vorbis: bf7c407c2cedff20999df2af8eb42d56 -> 
  custom:audio-encoder-webm-vorbis: bf7c407c2cedff20999df2af8eb42d56 -> 
========================================================================
Received Import Request.
  path: Assets/MainMixer.mixer
  artifactKey: Guid(1649c62756d122f48a72b7a12363a841) Importer(815301076,1909f56bfc062723c751e8b465ee728b)
Start importing Assets/MainMixer.mixer using Guid(1649c62756d122f48a72b7a12363a841) Importer(815301076,1909f56bfc062723c751e8b465ee728b)  -> (artifact id: '07abbb02f3a6406a04eddffa0f3faa5e') in 0.042618 seconds 
  Import took 0.061043 seconds .

========================================================================
Received Import Request.
  Time since last request: 105.383749 seconds.
  path: Assets/Images
  artifactKey: Guid(24e9b316c50ab3249bdb863d2a4553ec) Importer(815301076,1909f56bfc062723c751e8b465ee728b)
Start importing Assets/Images using Guid(24e9b316c50ab3249bdb863d2a4553ec) Importer(815301076,1909f56bfc062723c751e8b465ee728b)  -> (artifact id: '9f90a5eddeb40017d422a0a9af1247f3') in 0.007364 seconds 
  Import took 0.053531 seconds .

========================================================================
Received Import Request.
  Time since last request: 0.027475 seconds.
  path: Assets/Images/Donkey (Metal Slug).png
  artifactKey: Guid(f32be3d536ff48340b17bc337c212a1d) Importer(815301076,1909f56bfc062723c751e8b465ee728b)
Start importing Assets/Images/Donkey (Metal Slug).png using Guid(f32be3d536ff48340b17bc337c212a1d) Importer(815301076,1909f56bfc062723c751e8b465ee728b)  -> (artifact id: 'a37d3442304dc55575e0213ae7c5c286') in 0.344257 seconds 
  Import took 0.365852 seconds .

========================================================================
Received Import Request.
  Time since last request: 0.000252 seconds.
  path: Assets/Images/icon.png
  artifactKey: Guid(06a68b50dad5e93409db3ea1a333efaf) Importer(815301076,1909f56bfc062723c751e8b465ee728b)
Start importing Assets/Images/icon.png using Guid(06a68b50dad5e93409db3ea1a333efaf) Importer(815301076,1909f56bfc062723c751e8b465ee728b)  -> (artifact id: 'b697fb952c93a8579330c670a6e923cb') in 0.024480 seconds 
  Import took 0.038794 seconds .

========================================================================
Received Import Request.
  Time since last request: 10.757813 seconds.
  path: Assets/Images/Worlds
  artifactKey: Guid(1d12343d58bfd1d4e9633d7cc7cd21a0) Importer(815301076,1909f56bfc062723c751e8b465ee728b)
Start importing Assets/Images/Worlds using Guid(1d12343d58bfd1d4e9633d7cc7cd21a0) Importer(815301076,1909f56bfc062723c751e8b465ee728b)  -> (artifact id: '07c7e1564fde5ccb59317c13076b9b52') in 0.008112 seconds 
  Import took 0.011946 seconds .

========================================================================
Received Import Request.
  Time since last request: 51.732197 seconds.
  path: Assets/Worlds/Westland
  artifactKey: Guid(a3ec157329cbb324bbcafc5bcd293de1) Importer(815301076,1909f56bfc062723c751e8b465ee728b)
Start importing Assets/Worlds/Westland using Guid(a3ec157329cbb324bbcafc5bcd293de1) Importer(815301076,1909f56bfc062723c751e8b465ee728b)  -> (artifact id: '545b7176ba9f5afb268607c8ab18f38f') in 0.008247 seconds 
  Import took 0.029528 seconds .

========================================================================
Received Import Request.
  Time since last request: 0.059098 seconds.
  path: Assets/Worlds/Westland/Wasteland-Files.png
  artifactKey: Guid(40c3106a52cfd884d9112f2c388e9e32) Importer(815301076,1909f56bfc062723c751e8b465ee728b)
Start importing Assets/Worlds/Westland/Wasteland-Files.png using Guid(40c3106a52cfd884d9112f2c388e9e32) Importer(815301076,1909f56bfc062723c751e8b465ee728b)  -> (artifact id: '97e6af0c12cc72ddb1404de689c42841') in 0.099331 seconds 
  Import took 0.143910 seconds .

========================================================================
Received Import Request.
  Time since last request: 5.041183 seconds.
  path: Assets/Materials/BackgroundWestlands1.mat
  artifactKey: Guid(7be4be225be1a8a4cbf04970a4c0f8e3) Importer(815301076,1909f56bfc062723c751e8b465ee728b)
Start importing Assets/Materials/BackgroundWestlands1.mat using Guid(7be4be225be1a8a4cbf04970a4c0f8e3) Importer(815301076,1909f56bfc062723c751e8b465ee728b)  -> (artifact id: '994694cdb314bbedd4f992a80221e5b8') in 0.178891 seconds 
  Import took 0.207046 seconds .

========================================================================
Received Import Request.
  Time since last request: 0.000269 seconds.
  path: Assets/Materials/BackgroundWestlands2.mat
  artifactKey: Guid(e26e182959d8dc8478f272233469c347) Importer(815301076,1909f56bfc062723c751e8b465ee728b)
Start importing Assets/Materials/BackgroundWestlands2.mat using Guid(e26e182959d8dc8478f272233469c347) Importer(815301076,1909f56bfc062723c751e8b465ee728b)  -> (artifact id: '932b01ab397176366ae0538688778cc9') in 0.035391 seconds 
  Import took 0.058849 seconds .

========================================================================
Received Import Request.
  Time since last request: 6.517473 seconds.
  path: Assets/Images/Players
  artifactKey: Guid(f124c62243c323f479e4154d8f4b9337) Importer(815301076,1909f56bfc062723c751e8b465ee728b)
Start importing Assets/Images/Players using Guid(f124c62243c323f479e4154d8f4b9337) Importer(815301076,1909f56bfc062723c751e8b465ee728b)  -> (artifact id: 'f6ab431dd732c375069cb36874110a64') in 0.006810 seconds 
  Import took 0.034723 seconds .

========================================================================
Received Import Request.
  Time since last request: 4.059930 seconds.
  path: Assets/Assets/Tilemap
  artifactKey: Guid(9bc6937b2b1d87446a1b3548aff04bfb) Importer(815301076,1909f56bfc062723c751e8b465ee728b)
Start importing Assets/Assets/Tilemap using Guid(9bc6937b2b1d87446a1b3548aff04bfb) Importer(815301076,1909f56bfc062723c751e8b465ee728b)  -> (artifact id: 'dd39c1505d33bbcbe2002a2dab9db62c') in 0.006847 seconds 
  Import took 0.023900 seconds .

========================================================================
Received Import Request.
  Time since last request: 1.527412 seconds.
  path: Assets/Assets/Tilemap/CavesOfGallet
  artifactKey: Guid(a7199de4aef3f5847ad50648e3cc184c) Importer(815301076,1909f56bfc062723c751e8b465ee728b)
Start importing Assets/Assets/Tilemap/CavesOfGallet using Guid(a7199de4aef3f5847ad50648e3cc184c) Importer(815301076,1909f56bfc062723c751e8b465ee728b)  -> (artifact id: '9f97beba880118bf83c4031c265bb318') in 0.007031 seconds 
  Import took 0.011100 seconds .

========================================================================
Received Import Request.
  Time since last request: 0.076003 seconds.
  path: Assets/Assets/Tilemap/CavesOfGallet/cavesofgallet.png
  artifactKey: Guid(7746c8e4704c6544ea47a28f20b32ad4) Importer(815301076,1909f56bfc062723c751e8b465ee728b)
Start importing Assets/Assets/Tilemap/CavesOfGallet/cavesofgallet.png using Guid(7746c8e4704c6544ea47a28f20b32ad4) Importer(815301076,1909f56bfc062723c751e8b465ee728b)  -> (artifact id: '753337eafa1797799a626baa4ad9a015') in 0.036352 seconds 
  Import took 0.054039 seconds .

========================================================================
Received Import Request.
  Time since last request: 0.000242 seconds.
  path: Assets/Assets/Tilemap/CavesOfGallet/cavesofgallet_tiles.png
  artifactKey: Guid(323eb5a974609ec4ab248bb715781318) Importer(815301076,1909f56bfc062723c751e8b465ee728b)
Start importing Assets/Assets/Tilemap/CavesOfGallet/cavesofgallet_tiles.png using Guid(323eb5a974609ec4ab248bb715781318) Importer(815301076,1909f56bfc062723c751e8b465ee728b)  -> (artifact id: '9cea0b66dace8cc14d247c0a57a31e83') in 0.024564 seconds 
  Import took 0.047724 seconds .

========================================================================
Received Import Request.
  Time since last request: 2.922949 seconds.
  path: Assets/Assets/Tilemap/platform_metroidvania asset pack v1.01
  artifactKey: Guid(ceeff15aadd24be4ca28677dae1d0e66) Importer(815301076,1909f56bfc062723c751e8b465ee728b)
Start importing Assets/Assets/Tilemap/platform_metroidvania asset pack v1.01 using Guid(ceeff15aadd24be4ca28677dae1d0e66) Importer(815301076,1909f56bfc062723c751e8b465ee728b)  -> (artifact id: '4d7b117ba29832354d35b650a86a0c5a') in 0.006706 seconds 
  Import took 0.044510 seconds .

========================================================================
Received Import Request.
  Time since last request: 1.283961 seconds.
  path: Assets/Assets/Tilemap/platform_metroidvania asset pack v1.01/herochar sprites(new)
  artifactKey: Guid(44b5ac331769d274da238ae56ba83dc3) Importer(815301076,1909f56bfc062723c751e8b465ee728b)
Start importing Assets/Assets/Tilemap/platform_metroidvania asset pack v1.01/herochar sprites(new) using Guid(44b5ac331769d274da238ae56ba83dc3) Importer(815301076,1909f56bfc062723c751e8b465ee728b)  -> (artifact id: 'ab1ffafa136bd6e5faf14c137d891998') in 0.006194 seconds 
  Import took 0.017837 seconds .

========================================================================
Received Import Request.
  Time since last request: 0.082794 seconds.
  path: Assets/Assets/Tilemap/platform_metroidvania asset pack v1.01/herochar sprites(new)/herochar_after_jump_dust_anim.gif
  artifactKey: Guid(4af7029b90489994c8ae84c0dccb52c6) Importer(815301076,1909f56bfc062723c751e8b465ee728b)
Start importing Assets/Assets/Tilemap/platform_metroidvania asset pack v1.01/herochar sprites(new)/herochar_after_jump_dust_anim.gif using Guid(4af7029b90489994c8ae84c0dccb52c6) Importer(815301076,1909f56bfc062723c751e8b465ee728b)  -> (artifact id: '7fe1a0b052db10d793e8c758565bf565') in 0.029540 seconds 
  Import took 0.048325 seconds .

========================================================================
Received Import Request.
  Time since last request: 0.000236 seconds.
  path: Assets/Assets/Tilemap/platform_metroidvania asset pack v1.01/herochar sprites(new)/herochar_idle_anim.gif
  artifactKey: Guid(4ad3b97be618ce14f8c9c305fcd52aab) Importer(815301076,1909f56bfc062723c751e8b465ee728b)
Start importing Assets/Assets/Tilemap/platform_metroidvania asset pack v1.01/herochar sprites(new)/herochar_idle_anim.gif using Guid(4ad3b97be618ce14f8c9c305fcd52aab) Importer(815301076,1909f56bfc062723c751e8b465ee728b)  -> (artifact id: '8ac61da97085559b4754e3a6c55a2272') in 0.024515 seconds 
  Import took 0.043124 seconds .

========================================================================
Received Import Request.
  Time since last request: 0.000252 seconds.
  path: Assets/Assets/Tilemap/platform_metroidvania asset pack v1.01/herochar sprites(new)/herochar_hit_anim.gif
  artifactKey: Guid(dc7639d28c0858545b31935dce20cfb9) Importer(815301076,1909f56bfc062723c751e8b465ee728b)
Start importing Assets/Assets/Tilemap/platform_metroidvania asset pack v1.01/herochar sprites(new)/herochar_hit_anim.gif using Guid(dc7639d28c0858545b31935dce20cfb9) Importer(815301076,1909f56bfc062723c751e8b465ee728b)  -> (artifact id: '8e35e0990f4a0248bffdbb7f81a8d8a6') in 0.045639 seconds 
  Import took 0.058177 seconds .

========================================================================
Received Import Request.
  Time since last request: 0.000264 seconds.
  path: Assets/Assets/Tilemap/platform_metroidvania asset pack v1.01/herochar sprites(new)/herochar_before_or_after_jump.gif
  artifactKey: Guid(392f8ae487725b04bb268b01f6a771df) Importer(815301076,1909f56bfc062723c751e8b465ee728b)
Start importing Assets/Assets/Tilemap/platform_metroidvania asset pack v1.01/herochar sprites(new)/herochar_before_or_after_jump.gif using Guid(392f8ae487725b04bb268b01f6a771df) Importer(815301076,1909f56bfc062723c751e8b465ee728b)  -> (artifact id: '9e5bcd6241f9f16e2118badbdad6b86f') in 0.032104 seconds 
  Import took 0.047123 seconds .

========================================================================
Received Import Request.
  Time since last request: 0.000241 seconds.
  path: Assets/Assets/Tilemap/platform_metroidvania asset pack v1.01/herochar sprites(new)/herochar_jump_double_anim_strip_3.png
  artifactKey: Guid(b8697e344622d6243a2e9c58dde24cde) Importer(815301076,1909f56bfc062723c751e8b465ee728b)
Start importing Assets/Assets/Tilemap/platform_metroidvania asset pack v1.01/herochar sprites(new)/herochar_jump_double_anim_strip_3.png using Guid(b8697e344622d6243a2e9c58dde24cde) Importer(815301076,1909f56bfc062723c751e8b465ee728b)  -> (artifact id: '8892b56b0d6d4ca251d85b5f5174b710') in 0.030220 seconds 
  Import took 0.043398 seconds .

========================================================================
Received Import Request.
  Time since last request: 0.000307 seconds.
  path: Assets/Assets/Tilemap/platform_metroidvania asset pack v1.01/herochar sprites(new)/herochar_jump_double_anim.gif
  artifactKey: Guid(5582f7463350d0a41ba21941de2594a4) Importer(815301076,1909f56bfc062723c751e8b465ee728b)
Start importing Assets/Assets/Tilemap/platform_metroidvania asset pack v1.01/herochar sprites(new)/herochar_jump_double_anim.gif using Guid(5582f7463350d0a41ba21941de2594a4) Importer(815301076,1909f56bfc062723c751e8b465ee728b)  -> (artifact id: '5f19b9fa4ae516314cde2e63ce9a75cc') in 0.025211 seconds 
  Import took 0.049176 seconds .

========================================================================
Received Import Request.
  Time since last request: 0.000242 seconds.
  path: Assets/Assets/Tilemap/platform_metroidvania asset pack v1.01/herochar sprites(new)/herochar_death_anim.gif
  artifactKey: Guid(bf10e0b5a30447c43a14040c566e2c13) Importer(815301076,1909f56bfc062723c751e8b465ee728b)
Start importing Assets/Assets/Tilemap/platform_metroidvania asset pack v1.01/herochar sprites(new)/herochar_death_anim.gif using Guid(bf10e0b5a30447c43a14040c566e2c13) Importer(815301076,1909f56bfc062723c751e8b465ee728b)  -> (artifact id: '4b2f066355c396bfbdcf5acc80f28a50') in 0.026288 seconds 
  Import took 0.040945 seconds .

========================================================================
Received Import Request.
  Time since last request: 0.000256 seconds.
  path: Assets/Assets/Tilemap/platform_metroidvania asset pack v1.01/herochar sprites(new)/herochar_after_jump_dust_anim_strip_4.png
  artifactKey: Guid(a34680c518825f34ca128633e386493c) Importer(815301076,1909f56bfc062723c751e8b465ee728b)
Start importing Assets/Assets/Tilemap/platform_metroidvania asset pack v1.01/herochar sprites(new)/herochar_after_jump_dust_anim_strip_4.png using Guid(a34680c518825f34ca128633e386493c) Importer(815301076,1909f56bfc062723c751e8b465ee728b)  -> (artifact id: '49dd879b6a85f8b11b24cd53d79abf70') in 0.022319 seconds 
  Import took 0.035719 seconds .

========================================================================
Received Import Request.
  Time since last request: 0.000224 seconds.
  path: Assets/Assets/Tilemap/platform_metroidvania asset pack v1.01/herochar sprites(new)/herochar_before_jump_dust_anim.gif
  artifactKey: Guid(7b69dbf32470412449fc9af7eda331cc) Importer(815301076,1909f56bfc062723c751e8b465ee728b)
Start importing Assets/Assets/Tilemap/platform_metroidvania asset pack v1.01/herochar sprites(new)/herochar_before_jump_dust_anim.gif using Guid(7b69dbf32470412449fc9af7eda331cc) Importer(815301076,1909f56bfc062723c751e8b465ee728b)  -> (artifact id: '6014caea02e7e9a4be06aaca63bfabaf') in 0.021042 seconds 
  Import took 0.038247 seconds .

========================================================================
Received Import Request.
  Time since last request: 0.000254 seconds.
  path: Assets/Assets/Tilemap/platform_metroidvania asset pack v1.01/herochar sprites(new)/herochar_death_anim_strip_8.png
  artifactKey: Guid(18187a2e012b5ff489e10a3615ed008b) Importer(815301076,1909f56bfc062723c751e8b465ee728b)
Start importing Assets/Assets/Tilemap/platform_metroidvania asset pack v1.01/herochar sprites(new)/herochar_death_anim_strip_8.png using Guid(18187a2e012b5ff489e10a3615ed008b) Importer(815301076,1909f56bfc062723c751e8b465ee728b)  -> (artifact id: '8af3e4854e56d49512d45e7593d2f4b7') in 0.019770 seconds 
  Import took 0.022928 seconds .

========================================================================
Received Import Request.
  Time since last request: 0.000239 seconds.
  path: Assets/Assets/Tilemap/platform_metroidvania asset pack v1.01/herochar sprites(new)/herochar_before_or_after_jump_srip_2.png
  artifactKey: Guid(f4a43008ecc4d2c448fc6a553f0effea) Importer(815301076,1909f56bfc062723c751e8b465ee728b)
Start importing Assets/Assets/Tilemap/platform_metroidvania asset pack v1.01/herochar sprites(new)/herochar_before_or_after_jump_srip_2.png using Guid(f4a43008ecc4d2c448fc6a553f0effea) Importer(815301076,1909f56bfc062723c751e8b465ee728b)  -> (artifact id: '9f54b27829083ba331e35050eed4a095') in 0.016658 seconds 
  Import took 0.031876 seconds .

========================================================================
Received Import Request.
  Time since last request: 0.000254 seconds.
  path: Assets/Assets/Tilemap/platform_metroidvania asset pack v1.01/herochar sprites(new)/herochar_before_jump_dust_anim_strip_4.png
  artifactKey: Guid(5b0d30500a1287d4baee2be37529185d) Importer(815301076,1909f56bfc062723c751e8b465ee728b)
Start importing Assets/Assets/Tilemap/platform_metroidvania asset pack v1.01/herochar sprites(new)/herochar_before_jump_dust_anim_strip_4.png using Guid(5b0d30500a1287d4baee2be37529185d) Importer(815301076,1909f56bfc062723c751e8b465ee728b)  -> (artifact id: '49434634c1403d26326c535644e4b88f') in 0.022495 seconds 
  Import took 0.041135 seconds .

========================================================================
Received Import Request.
  Time since last request: 0.000230 seconds.
  path: Assets/Assets/Tilemap/platform_metroidvania asset pack v1.01/herochar sprites(new)/herochar_jump_down_anim.gif
  artifactKey: Guid(ff7e0c33339e7b449a16f7e53dca5d6a) Importer(815301076,1909f56bfc062723c751e8b465ee728b)
Start importing Assets/Assets/Tilemap/platform_metroidvania asset pack v1.01/herochar sprites(new)/herochar_jump_down_anim.gif using Guid(ff7e0c33339e7b449a16f7e53dca5d6a) Importer(815301076,1909f56bfc062723c751e8b465ee728b)  -> (artifact id: '29455db77fed9bcb194f839671878977') in 0.020637 seconds 
  Import took 0.037965 seconds .

========================================================================
Received Import Request.
  Time since last request: 0.000253 seconds.
  path: Assets/Assets/Tilemap/platform_metroidvania asset pack v1.01/herochar sprites(new)/herochar_attack_anim(new).gif
  artifactKey: Guid(d7aa6af71b67d314f9177cbaa82d8104) Importer(815301076,1909f56bfc062723c751e8b465ee728b)
Start importing Assets/Assets/Tilemap/platform_metroidvania asset pack v1.01/herochar sprites(new)/herochar_attack_anim(new).gif using Guid(d7aa6af71b67d314f9177cbaa82d8104) Importer(815301076,1909f56bfc062723c751e8b465ee728b)  -> (artifact id: '14a14af5dc0b655663c7d01087db2746') in 0.029267 seconds 
  Import took 0.050721 seconds .

========================================================================
Received Import Request.
  Time since last request: 0.000267 seconds.
  path: Assets/Assets/Tilemap/platform_metroidvania asset pack v1.01/herochar sprites(new)/herochar_hit_anim_strip_3.png
  artifactKey: Guid(e27e166006ad1e34796907398f23a23f) Importer(815301076,1909f56bfc062723c751e8b465ee728b)
Start importing Assets/Assets/Tilemap/platform_metroidvania asset pack v1.01/herochar sprites(new)/herochar_hit_anim_strip_3.png using Guid(e27e166006ad1e34796907398f23a23f) Importer(815301076,1909f56bfc062723c751e8b465ee728b)  -> (artifact id: 'f18824df5d1088b77c1f5962ff218e02') in 0.030857 seconds 
  Import took 0.034259 seconds .

========================================================================
Received Import Request.
  Time since last request: 0.000247 seconds.
  path: Assets/Assets/Tilemap/platform_metroidvania asset pack v1.01/herochar sprites(new)/herochar_attack_anim_strip_4(new).png
  artifactKey: Guid(3b15288306a21614a8b20a495703deb9) Importer(815301076,1909f56bfc062723c751e8b465ee728b)
Start importing Assets/Assets/Tilemap/platform_metroidvania asset pack v1.01/herochar sprites(new)/herochar_attack_anim_strip_4(new).png using Guid(3b15288306a21614a8b20a495703deb9) Importer(815301076,1909f56bfc062723c751e8b465ee728b)  -> (artifact id: '5c717507f6e8586143e2e7edbce315b7') in 0.020274 seconds 
  Import took 0.044571 seconds .

========================================================================
Received Import Request.
  Time since last request: 0.000254 seconds.
  path: Assets/Assets/Tilemap/platform_metroidvania asset pack v1.01/herochar sprites(new)/herochar_idle_anim_strip_4.png
  artifactKey: Guid(17d12562be2fc784d98addfd1038be64) Importer(815301076,1909f56bfc062723c751e8b465ee728b)
Start importing Assets/Assets/Tilemap/platform_metroidvania asset pack v1.01/herochar sprites(new)/herochar_idle_anim_strip_4.png using Guid(17d12562be2fc784d98addfd1038be64) Importer(815301076,1909f56bfc062723c751e8b465ee728b)  -> (artifact id: '3dee725ea26e00c14bc7ef919a06a1de') in 0.024580 seconds 
  Import took 0.036791 seconds .

========================================================================
Received Import Request.
  Time since last request: 1.164415 seconds.
  path: Assets/Assets/Tilemap/Swamp
  artifactKey: Guid(4fd2f0821cca681498c32c622a1241f0) Importer(815301076,1909f56bfc062723c751e8b465ee728b)
Start importing Assets/Assets/Tilemap/Swamp using Guid(4fd2f0821cca681498c32c622a1241f0) Importer(815301076,1909f56bfc062723c751e8b465ee728b)  -> (artifact id: 'e6cda32bd2640c183dfffed766af4127') in 0.007485 seconds 
  Import took 0.036133 seconds .

========================================================================
Received Import Request.
  Time since last request: 50.800052 seconds.
  path: Assets/Assets/Tilemap/SwampWorld.png
  artifactKey: Guid(14d6db7d4046f5147bee431d35bb59b9) Importer(815301076,1909f56bfc062723c751e8b465ee728b)
Start importing Assets/Assets/Tilemap/SwampWorld.png using Guid(14d6db7d4046f5147bee431d35bb59b9) Importer(815301076,1909f56bfc062723c751e8b465ee728b)  -> (artifact id: '8ef9855736127acae217919f4a2b2d50') in 0.034385 seconds 
  Import took 0.052931 seconds .

========================================================================
Received Import Request.
  Time since last request: 20.286768 seconds.
  path: Assets/Worlds
  artifactKey: Guid(8ebc8fed45278974697590eee97b1b19) Importer(815301076,1909f56bfc062723c751e8b465ee728b)
Start importing Assets/Worlds using Guid(8ebc8fed45278974697590eee97b1b19) Importer(815301076,1909f56bfc062723c751e8b465ee728b)  -> (artifact id: '2f934afd9e6d9517f924557fafb51710') in 0.002876 seconds 
  Import took 0.103409 seconds .

========================================================================
Received Import Request.
  Time since last request: 5.883617 seconds.
  path: Assets/Worlds/Planets
  artifactKey: Guid(2d4b8d1b6f3938e4d88e9783104c3d54) Importer(815301076,1909f56bfc062723c751e8b465ee728b)
Start importing Assets/Worlds/Planets using Guid(2d4b8d1b6f3938e4d88e9783104c3d54) Importer(815301076,1909f56bfc062723c751e8b465ee728b)  -> (artifact id: '12921e20a96d051bf9b7db2f43892b64') in 0.006343 seconds 
  Import took 0.014453 seconds .

========================================================================
Received Import Request.
  Time since last request: 18.099742 seconds.
  path: Assets/Worlds/Planets/SwampWorld.png
  artifactKey: Guid(14d6db7d4046f5147bee431d35bb59b9) Importer(815301076,1909f56bfc062723c751e8b465ee728b)
Start importing Assets/Worlds/Planets/SwampWorld.png using Guid(14d6db7d4046f5147bee431d35bb59b9) Importer(815301076,1909f56bfc062723c751e8b465ee728b)  -> (artifact id: 'f49941602b1a86f971dd47404fccf3f2') in 0.015874 seconds 
  Import took 0.028177 seconds .

========================================================================
Received Import Request.
  Time since last request: 31.235126 seconds.
  path: Assets/Worlds/Planets/SwampWorld.png
  artifactKey: Guid(14d6db7d4046f5147bee431d35bb59b9) Importer(815301076,1909f56bfc062723c751e8b465ee728b)
Start importing Assets/Worlds/Planets/SwampWorld.png using Guid(14d6db7d4046f5147bee431d35bb59b9) Importer(815301076,1909f56bfc062723c751e8b465ee728b)  -> (artifact id: '60cba41f13a91826f619e775777af3dd') in 0.014032 seconds 
  Import took 0.027762 seconds .

========================================================================
Received Import Request.
  Time since last request: 24.746416 seconds.
  path: Assets/Worlds/Planets/SwampWorld.png
  artifactKey: Guid(14d6db7d4046f5147bee431d35bb59b9) Importer(815301076,1909f56bfc062723c751e8b465ee728b)
Start importing Assets/Worlds/Planets/SwampWorld.png using Guid(14d6db7d4046f5147bee431d35bb59b9) Importer(815301076,1909f56bfc062723c751e8b465ee728b)  -> (artifact id: 'a907e409189402f345f412b8fd10ea3a') in 0.011653 seconds 
  Import took 0.033299 seconds .

========================================================================
Received Import Request.
  Time since last request: 12.399009 seconds.
  path: Assets/Worlds/Planets/SwampWorld.png
  artifactKey: Guid(14d6db7d4046f5147bee431d35bb59b9) Importer(815301076,1909f56bfc062723c751e8b465ee728b)
Start importing Assets/Worlds/Planets/SwampWorld.png using Guid(14d6db7d4046f5147bee431d35bb59b9) Importer(815301076,1909f56bfc062723c751e8b465ee728b)  -> (artifact id: 'c684b77ec7faaabb552a942864fd1dd3') in 0.036807 seconds 
  Import took 0.068167 seconds .

========================================================================
Received Import Request.
  Time since last request: 129.757569 seconds.
  path: Assets/Worlds/Planets/WestlandWorld.png
  artifactKey: Guid(23de9d0766fee104c9b1f8d152b5709a) Importer(815301076,1909f56bfc062723c751e8b465ee728b)
Start importing Assets/Worlds/Planets/WestlandWorld.png using Guid(23de9d0766fee104c9b1f8d152b5709a) Importer(815301076,1909f56bfc062723c751e8b465ee728b)  -> (artifact id: '05733c6d735ea21ad30d7400e1fb0edb') in 0.016418 seconds 
  Import took 0.033717 seconds .

========================================================================
Received Import Request.
  Time since last request: 8.554640 seconds.
  path: Assets/Worlds/Planets/WestlandWorld.png
  artifactKey: Guid(23de9d0766fee104c9b1f8d152b5709a) Importer(815301076,1909f56bfc062723c751e8b465ee728b)
Start importing Assets/Worlds/Planets/WestlandWorld.png using Guid(23de9d0766fee104c9b1f8d152b5709a) Importer(815301076,1909f56bfc062723c751e8b465ee728b)  -> (artifact id: '3157e250462222841d7c864e2f5cc793') in 0.009848 seconds 
  Import took 0.033448 seconds .

========================================================================
Received Import Request.
  Time since last request: 6.429662 seconds.
  path: Assets/Worlds/Planets/WestlandWorld.png
  artifactKey: Guid(23de9d0766fee104c9b1f8d152b5709a) Importer(815301076,1909f56bfc062723c751e8b465ee728b)
Start importing Assets/Worlds/Planets/WestlandWorld.png using Guid(23de9d0766fee104c9b1f8d152b5709a) Importer(815301076,1909f56bfc062723c751e8b465ee728b)  -> (artifact id: '390c3e74e98da734c933aa0834e0e069') in 0.028217 seconds 
  Import took 0.053037 seconds .

========================================================================
Received Import Request.
  Time since last request: 85.990117 seconds.
  path: Assets/Worlds/Planets/CaveWorld.png
  artifactKey: Guid(be1a91eecc5207a458ab3995eee8f19e) Importer(815301076,1909f56bfc062723c751e8b465ee728b)
Start importing Assets/Worlds/Planets/CaveWorld.png using Guid(be1a91eecc5207a458ab3995eee8f19e) Importer(815301076,1909f56bfc062723c751e8b465ee728b)  -> (artifact id: '058d0c3a17de15e3f3d39d9f7d1760f6') in 0.015695 seconds 
  Import took 0.019556 seconds .

========================================================================
Received Import Request.
  Time since last request: 8.467215 seconds.
  path: Assets/Worlds/Planets/CaveWorld.png
  artifactKey: Guid(be1a91eecc5207a458ab3995eee8f19e) Importer(815301076,1909f56bfc062723c751e8b465ee728b)
Start importing Assets/Worlds/Planets/CaveWorld.png using Guid(be1a91eecc5207a458ab3995eee8f19e) Importer(815301076,1909f56bfc062723c751e8b465ee728b)  -> (artifact id: 'cc71af01747e5aab29c1753fee508493') in 0.008771 seconds 
  Import took 0.028489 seconds .

========================================================================
Received Import Request.
  Time since last request: 5.224444 seconds.
  path: Assets/Worlds/Planets/CaveWorld.png
  artifactKey: Guid(be1a91eecc5207a458ab3995eee8f19e) Importer(815301076,1909f56bfc062723c751e8b465ee728b)
Start importing Assets/Worlds/Planets/CaveWorld.png using Guid(be1a91eecc5207a458ab3995eee8f19e) Importer(815301076,1909f56bfc062723c751e8b465ee728b)  -> (artifact id: 'a4dc4f47b25ca64035aa31a0c3941b15') in 0.023310 seconds 
  Import took 0.038874 seconds .

========================================================================
Received Import Request.
  Time since last request: 36.407977 seconds.
  path: Assets/Assets/Tilemap/platform_metroidvania asset pack v1.01/tiles and background_foreground (new)
  artifactKey: Guid(e6ec75c35d310534398e55e2a3b77297) Importer(815301076,1909f56bfc062723c751e8b465ee728b)
Start importing Assets/Assets/Tilemap/platform_metroidvania asset pack v1.01/tiles and background_foreground (new) using Guid(e6ec75c35d310534398e55e2a3b77297) Importer(815301076,1909f56bfc062723c751e8b465ee728b)  -> (artifact id: '6c453ee8e2dbdbdde18d42d042b761bb') in 0.007549 seconds 
  Import took 0.024868 seconds .

========================================================================
Received Import Request.
  Time since last request: 0.037421 seconds.
  path: Assets/Assets/Tilemap/platform_metroidvania asset pack v1.01/tiles and background_foreground (new)/background.png
  artifactKey: Guid(b1909a8b816015946921eec60af6a4b6) Importer(815301076,1909f56bfc062723c751e8b465ee728b)
Start importing Assets/Assets/Tilemap/platform_metroidvania asset pack v1.01/tiles and background_foreground (new)/background.png using Guid(b1909a8b816015946921eec60af6a4b6) Importer(815301076,1909f56bfc062723c751e8b465ee728b)  -> (artifact id: '3f097ddd4df33b2813d527c541569aed') in 0.028990 seconds 
  Import took 0.061615 seconds .

========================================================================
Received Import Request.
  Time since last request: 0.000278 seconds.
  path: Assets/Assets/Tilemap/platform_metroidvania asset pack v1.01/tiles and background_foreground (new)/fg_1.png
  artifactKey: Guid(878e322d2eccb6a4e96d62fb66ff3f55) Importer(815301076,1909f56bfc062723c751e8b465ee728b)
Start importing Assets/Assets/Tilemap/platform_metroidvania asset pack v1.01/tiles and background_foreground (new)/fg_1.png using Guid(878e322d2eccb6a4e96d62fb66ff3f55) Importer(815301076,1909f56bfc062723c751e8b465ee728b)  -> (artifact id: 'c287b9966827c185ac77c336c94d780b') in 0.024970 seconds 
  Import took 0.052810 seconds .

========================================================================
Received Import Request.
  Time since last request: 0.000565 seconds.
  path: Assets/Assets/Tilemap/platform_metroidvania asset pack v1.01/tiles and background_foreground (new)/tileset_64x64(new).png
  artifactKey: Guid(83d491cae4ca622499a86ca92fb2dc66) Importer(815301076,1909f56bfc062723c751e8b465ee728b)
Start importing Assets/Assets/Tilemap/platform_metroidvania asset pack v1.01/tiles and background_foreground (new)/tileset_64x64(new).png using Guid(83d491cae4ca622499a86ca92fb2dc66) Importer(815301076,1909f56bfc062723c751e8b465ee728b)  -> (artifact id: 'e80e4be5b6fd23ce6d84d63c7fa378f5') in 0.028725 seconds 
  Import took 0.048780 seconds .

========================================================================
Received Import Request.
  Time since last request: 0.000277 seconds.
  path: Assets/Assets/Tilemap/platform_metroidvania asset pack v1.01/tiles and background_foreground (new)/waterfall_bottom_anim_strip_4.png
  artifactKey: Guid(000934fce2767ea44bda8f5c1f2272c8) Importer(815301076,1909f56bfc062723c751e8b465ee728b)
Start importing Assets/Assets/Tilemap/platform_metroidvania asset pack v1.01/tiles and background_foreground (new)/waterfall_bottom_anim_strip_4.png using Guid(000934fce2767ea44bda8f5c1f2272c8) Importer(815301076,1909f56bfc062723c751e8b465ee728b)  -> (artifact id: 'ae3f2f3e645a9b4bd1913744f4da6d2d') in 0.024369 seconds 
  Import took 0.041685 seconds .

========================================================================
Received Import Request.
  Time since last request: 0.000279 seconds.
  path: Assets/Assets/Tilemap/platform_metroidvania asset pack v1.01/tiles and background_foreground (new)/fg_0.png
  artifactKey: Guid(2779fa53a5557124d8c636313fd46971) Importer(815301076,1909f56bfc062723c751e8b465ee728b)
Start importing Assets/Assets/Tilemap/platform_metroidvania asset pack v1.01/tiles and background_foreground (new)/fg_0.png using Guid(2779fa53a5557124d8c636313fd46971) Importer(815301076,1909f56bfc062723c751e8b465ee728b)  -> (artifact id: '87a42968467716cb461a1f6e85c903d9') in 0.039588 seconds 
  Import took 0.043176 seconds .

========================================================================
Received Import Request.
  Time since last request: 0.000238 seconds.
  path: Assets/Assets/Tilemap/platform_metroidvania asset pack v1.01/tiles and background_foreground (new)/waterfall_bottom_anim.gif
  artifactKey: Guid(71f22a059a04c06418d1a8a53f8f449f) Importer(815301076,1909f56bfc062723c751e8b465ee728b)
Start importing Assets/Assets/Tilemap/platform_metroidvania asset pack v1.01/tiles and background_foreground (new)/waterfall_bottom_anim.gif using Guid(71f22a059a04c06418d1a8a53f8f449f) Importer(815301076,1909f56bfc062723c751e8b465ee728b)  -> (artifact id: '1e1bc91d1b27316102810dc81131bd8e') in 0.025338 seconds 
  Import took 0.045370 seconds .

========================================================================
Received Import Request.
  Time since last request: 0.000503 seconds.
  path: Assets/Assets/Tilemap/platform_metroidvania asset pack v1.01/tiles and background_foreground (new)/bg_1.png
  artifactKey: Guid(ffde8b0a5ec7f7948b44c9b35dbf8b88) Importer(815301076,1909f56bfc062723c751e8b465ee728b)
Start importing Assets/Assets/Tilemap/platform_metroidvania asset pack v1.01/tiles and background_foreground (new)/bg_1.png using Guid(ffde8b0a5ec7f7948b44c9b35dbf8b88) Importer(815301076,1909f56bfc062723c751e8b465ee728b)  -> (artifact id: '6ab51751ee9027b4699b7e1324f900a5') in 0.028855 seconds 
  Import took 0.056034 seconds .

========================================================================
Received Import Request.
  Time since last request: 0.000702 seconds.
  path: Assets/Assets/Tilemap/platform_metroidvania asset pack v1.01/tiles and background_foreground (new)/tileset.png
  artifactKey: Guid(00eb7b1e402fbc94887ffa0d078fbb6f) Importer(815301076,1909f56bfc062723c751e8b465ee728b)
Start importing Assets/Assets/Tilemap/platform_metroidvania asset pack v1.01/tiles and background_foreground (new)/tileset.png using Guid(00eb7b1e402fbc94887ffa0d078fbb6f) Importer(815301076,1909f56bfc062723c751e8b465ee728b)  -> (artifact id: 'd8b120379951a276502b3972ee3c9ceb') in 0.030224 seconds 
  Import took 0.064568 seconds .

========================================================================
Received Import Request.
  Time since last request: 0.000705 seconds.
  path: Assets/Assets/Tilemap/platform_metroidvania asset pack v1.01/tiles and background_foreground (new)/waterfall_anim.gif
  artifactKey: Guid(9c1b2a50f61cef444810de0437a599f6) Importer(815301076,1909f56bfc062723c751e8b465ee728b)
Start importing Assets/Assets/Tilemap/platform_metroidvania asset pack v1.01/tiles and background_foreground (new)/waterfall_anim.gif using Guid(9c1b2a50f61cef444810de0437a599f6) Importer(815301076,1909f56bfc062723c751e8b465ee728b)  -> (artifact id: 'e80b1a9e51891de029041657de06acab') in 0.028148 seconds 
  Import took 0.035512 seconds .

========================================================================
Received Import Request.
  Time since last request: 0.000234 seconds.
  path: Assets/Assets/Tilemap/platform_metroidvania asset pack v1.01/tiles and background_foreground (new)/bg_0.png
  artifactKey: Guid(74aeffd4df5db6b49be622020e100226) Importer(815301076,1909f56bfc062723c751e8b465ee728b)
Start importing Assets/Assets/Tilemap/platform_metroidvania asset pack v1.01/tiles and background_foreground (new)/bg_0.png using Guid(74aeffd4df5db6b49be622020e100226) Importer(815301076,1909f56bfc062723c751e8b465ee728b)  -> (artifact id: '642acfca439c0f42f132ae3bb72105c2') in 0.034287 seconds 
  Import took 0.046214 seconds .

========================================================================
Received Import Request.
  Time since last request: 0.000227 seconds.
  path: Assets/Assets/Tilemap/platform_metroidvania asset pack v1.01/tiles and background_foreground (new)/waterfall_anim_strip_4.png
  artifactKey: Guid(ffbe5b442091dc648b029af871808da3) Importer(815301076,1909f56bfc062723c751e8b465ee728b)
Start importing Assets/Assets/Tilemap/platform_metroidvania asset pack v1.01/tiles and background_foreground (new)/waterfall_anim_strip_4.png using Guid(ffbe5b442091dc648b029af871808da3) Importer(815301076,1909f56bfc062723c751e8b465ee728b)  -> (artifact id: 'aadd34588195299425fbae2b2763d879') in 0.026507 seconds 
  Import took 0.057759 seconds .

========================================================================
Received Import Request.
  Time since last request: 0.000607 seconds.
  path: Assets/Assets/Tilemap/platform_metroidvania asset pack v1.01/tiles and background_foreground (new)/bg_2.png
  artifactKey: Guid(4cfd0d9c0fa226a4ca45b7280b7136eb) Importer(815301076,1909f56bfc062723c751e8b465ee728b)
Start importing Assets/Assets/Tilemap/platform_metroidvania asset pack v1.01/tiles and background_foreground (new)/bg_2.png using Guid(4cfd0d9c0fa226a4ca45b7280b7136eb) Importer(815301076,1909f56bfc062723c751e8b465ee728b)  -> (artifact id: '095e1534da5e2cfb6d28abe36a5e86cc') in 0.028725 seconds 
  Import took 0.059166 seconds .

========================================================================
Received Import Request.
  Time since last request: 0.000535 seconds.
  path: Assets/Assets/Tilemap/platform_metroidvania asset pack v1.01/tiles and background_foreground (new)/tileset_32x32(new).png
  artifactKey: Guid(4b35fada97bcec84db374b6492f44db0) Importer(815301076,1909f56bfc062723c751e8b465ee728b)
Start importing Assets/Assets/Tilemap/platform_metroidvania asset pack v1.01/tiles and background_foreground (new)/tileset_32x32(new).png using Guid(4b35fada97bcec84db374b6492f44db0) Importer(815301076,1909f56bfc062723c751e8b465ee728b)  -> (artifact id: '6ff8f232975aac9916489f6a3cdae303') in 0.025947 seconds 
  Import took 0.050794 seconds .

========================================================================
Received Import Request.
  Time since last request: 113.684036 seconds.
  path: Assets/Worlds/Planets/JungleWorld.png
  artifactKey: Guid(559b927881942fc48829cc4ad6856f65) Importer(815301076,1909f56bfc062723c751e8b465ee728b)
Start importing Assets/Worlds/Planets/JungleWorld.png using Guid(559b927881942fc48829cc4ad6856f65) Importer(815301076,1909f56bfc062723c751e8b465ee728b)  -> (artifact id: '4ec863fba0dd93000c5ad99f0a993e5e') in 0.013939 seconds 
  Import took 0.045585 seconds .

========================================================================
Received Import Request.
  Time since last request: 9.975842 seconds.
  path: Assets/Worlds/Planets/JungleWorld.png
  artifactKey: Guid(559b927881942fc48829cc4ad6856f65) Importer(815301076,1909f56bfc062723c751e8b465ee728b)
Start importing Assets/Worlds/Planets/JungleWorld.png using Guid(559b927881942fc48829cc4ad6856f65) Importer(815301076,1909f56bfc062723c751e8b465ee728b)  -> (artifact id: '6d2a6f525e280a88eaa94f66f48e6602') in 0.022510 seconds 
  Import took 0.039359 seconds .

========================================================================
Received Import Request.
  Time since last request: 5.163005 seconds.
  path: Assets/Worlds/Planets/JungleWorld.png
  artifactKey: Guid(559b927881942fc48829cc4ad6856f65) Importer(815301076,1909f56bfc062723c751e8b465ee728b)
Start importing Assets/Worlds/Planets/JungleWorld.png using Guid(559b927881942fc48829cc4ad6856f65) Importer(815301076,1909f56bfc062723c751e8b465ee728b)  -> (artifact id: '5f355a58ec642b4cb289bcc06863da13') in 0.025376 seconds 
  Import took 0.028907 seconds .

========================================================================
Received Import Request.
  Time since last request: 17.411840 seconds.
  path: Assets/Worlds/Westland/Wasteland_Mountains_1.png
  artifactKey: Guid(40d5cfc2f75963048bc6058e16ecb4fa) Importer(815301076,1909f56bfc062723c751e8b465ee728b)
Start importing Assets/Worlds/Westland/Wasteland_Mountains_1.png using Guid(40d5cfc2f75963048bc6058e16ecb4fa) Importer(815301076,1909f56bfc062723c751e8b465ee728b)  -> (artifact id: 'd77629d9453414d51d130a77f4b93226') in 0.012764 seconds 
  Import took 0.071993 seconds .

========================================================================
Received Import Request.
  Time since last request: 0.000579 seconds.
  path: Assets/Worlds/Westland/Wasteland_Mountains_2.png
  artifactKey: Guid(516e525752f07ad47932bd2ac5dd6b43) Importer(815301076,1909f56bfc062723c751e8b465ee728b)
Start importing Assets/Worlds/Westland/Wasteland_Mountains_2.png using Guid(516e525752f07ad47932bd2ac5dd6b43) Importer(815301076,1909f56bfc062723c751e8b465ee728b)  -> (artifact id: '5cf286ea2c3131e7016a63e7f72061ec') in 0.014906 seconds 
  Import took 0.040812 seconds .

========================================================================
Received Import Request.
  Time since last request: 0.000245 seconds.
  path: Assets/Worlds/Westland/Wasteland_Sky.png
  artifactKey: Guid(a6b389db7af2af9429709961ff127e04) Importer(815301076,1909f56bfc062723c751e8b465ee728b)
Start importing Assets/Worlds/Westland/Wasteland_Sky.png using Guid(a6b389db7af2af9429709961ff127e04) Importer(815301076,1909f56bfc062723c751e8b465ee728b)  -> (artifact id: 'd885e140c761a3b8674a5a69df02f9e8') in 0.013842 seconds 
  Import took 0.030623 seconds .

========================================================================
Received Import Request.
  Time since last request: 25.404918 seconds.
  path: Assets/Worlds/Cave
  artifactKey: Guid(a7199de4aef3f5847ad50648e3cc184c) Importer(815301076,1909f56bfc062723c751e8b465ee728b)
Start importing Assets/Worlds/Cave using Guid(a7199de4aef3f5847ad50648e3cc184c) Importer(815301076,1909f56bfc062723c751e8b465ee728b)  -> (artifact id: 'ea12feea01b5c2693b923ab2515cefb4') in 0.007981 seconds 
  Import took 0.016383 seconds .

========================================================================
Received Import Request.
  Time since last request: 4.674108 seconds.
  path: Assets/Worlds/Jungle
  artifactKey: Guid(ceeff15aadd24be4ca28677dae1d0e66) Importer(815301076,1909f56bfc062723c751e8b465ee728b)
Start importing Assets/Worlds/Jungle using Guid(ceeff15aadd24be4ca28677dae1d0e66) Importer(815301076,1909f56bfc062723c751e8b465ee728b)  -> (artifact id: 'a8bfc03eb3852e10357fdec8be89a7fc') in 0.007361 seconds 
  Import took 0.018103 seconds .

========================================================================
Received Import Request.
  Time since last request: 12.936584 seconds.
  path: Assets/Assets/Caracters/Animals
  artifactKey: Guid(aa2dbcb76ad9433408d6ddc8725e9014) Importer(815301076,1909f56bfc062723c751e8b465ee728b)
Start importing Assets/Assets/Caracters/Animals using Guid(aa2dbcb76ad9433408d6ddc8725e9014) Importer(815301076,1909f56bfc062723c751e8b465ee728b)  -> (artifact id: '2724ad44cc44b40de0c1ea6e8479bd98') in 0.006716 seconds 
  Import took 0.031238 seconds .

========================================================================
Received Import Request.
  Time since last request: 2.673647 seconds.
  path: Assets/Assets/Caracters/Pack4
  artifactKey: Guid(6a9ea10b7c4947341910007e67b2cd2e) Importer(815301076,1909f56bfc062723c751e8b465ee728b)
Start importing Assets/Assets/Caracters/Pack4 using Guid(6a9ea10b7c4947341910007e67b2cd2e) Importer(815301076,1909f56bfc062723c751e8b465ee728b)  -> (artifact id: '865f1bbb80c399de9ebaae6edc35d161') in 0.014312 seconds 
  Import took 0.024016 seconds .

========================================================================
Received Import Request.
  Time since last request: 3.839312 seconds.
  path: Assets/Assets/Images/Planets
  artifactKey: Guid(2d5b282fbae899249b403711e98faa4b) Importer(815301076,1909f56bfc062723c751e8b465ee728b)
Start importing Assets/Assets/Images/Planets using Guid(2d5b282fbae899249b403711e98faa4b) Importer(815301076,1909f56bfc062723c751e8b465ee728b)  -> (artifact id: '2022bafb934193dc93b77faa11e4fcd6') in 0.002797 seconds 
  Import took 0.019735 seconds .

========================================================================
Received Import Request.
  Time since last request: 0.150197 seconds.
  path: Assets/Assets/Images/Planets/Baren.png
  artifactKey: Guid(6ebc4783c08aa714f8bce9adbc9b4712) Importer(815301076,1909f56bfc062723c751e8b465ee728b)
Start importing Assets/Assets/Images/Planets/Baren.png using Guid(6ebc4783c08aa714f8bce9adbc9b4712) Importer(815301076,1909f56bfc062723c751e8b465ee728b)  -> (artifact id: '3c5c4514d5b835f334324eac1fa5507f') in 0.021029 seconds 
  Import took 0.041256 seconds .

========================================================================
Received Import Request.
  Time since last request: 0.000231 seconds.
  path: Assets/Assets/Images/Planets/Lava.png
  artifactKey: Guid(f09c8c41b7f58dd4786b35fff9d3a6b3) Importer(815301076,1909f56bfc062723c751e8b465ee728b)
Start importing Assets/Assets/Images/Planets/Lava.png using Guid(f09c8c41b7f58dd4786b35fff9d3a6b3) Importer(815301076,1909f56bfc062723c751e8b465ee728b)  -> (artifact id: 'f437dc817099ada6a1adf4fbdd5ae989') in 0.023916 seconds 
  Import took 0.047021 seconds .

========================================================================
Received Import Request.
  Time since last request: 0.000230 seconds.
  path: Assets/Assets/Images/Planets/Ice.png
  artifactKey: Guid(f982b667d3b826a4cb0468ca78eb885d) Importer(815301076,1909f56bfc062723c751e8b465ee728b)
Start importing Assets/Assets/Images/Planets/Ice.png using Guid(f982b667d3b826a4cb0468ca78eb885d) Importer(815301076,1909f56bfc062723c751e8b465ee728b)  -> (artifact id: '098ff45a647ad708568edee0a4b7af52') in 0.021221 seconds 
  Import took 0.024241 seconds .

========================================================================
Received Import Request.
  Time since last request: 0.000249 seconds.
  path: Assets/Assets/Images/Planets/Terran.png
  artifactKey: Guid(103505809754f004ba8fac1b603da4e0) Importer(815301076,1909f56bfc062723c751e8b465ee728b)
Start importing Assets/Assets/Images/Planets/Terran.png using Guid(103505809754f004ba8fac1b603da4e0) Importer(815301076,1909f56bfc062723c751e8b465ee728b)  -> (artifact id: 'b792528fb14a409046e5a43b27f0c425') in 0.019388 seconds 
  Import took 0.038433 seconds .

========================================================================
Received Import Request.
  Time since last request: 6.839284 seconds.
  path: Assets/Assets/Itens Icons/Shikashi's Fantasy Icons Pack
  artifactKey: Guid(e827eaa8445bbd54b80967f65d29e50d) Importer(815301076,1909f56bfc062723c751e8b465ee728b)
Start importing Assets/Assets/Itens Icons/Shikashi's Fantasy Icons Pack using Guid(e827eaa8445bbd54b80967f65d29e50d) Importer(815301076,1909f56bfc062723c751e8b465ee728b)  -> (artifact id: 'b47da53268c3a09b54ee5821cb3bbeb3') in 0.006896 seconds 
  Import took 0.019416 seconds .

========================================================================
Received Import Request.
  Time since last request: 154.321175 seconds.
  path: Assets/Worlds/EarthPark
  artifactKey: Guid(c411f35b75b03634387636d6fedc8a45) Importer(815301076,1909f56bfc062723c751e8b465ee728b)
Start importing Assets/Worlds/EarthPark using Guid(c411f35b75b03634387636d6fedc8a45) Importer(815301076,1909f56bfc062723c751e8b465ee728b)  -> (artifact id: 'f4dcc572c3a7eff5b079391ccdcba322') in 0.008651 seconds 
  Import took 0.033489 seconds .

========================================================================
Received Import Request.
  Time since last request: 3.428301 seconds.
  path: Assets/Worlds/Park
  artifactKey: Guid(c411f35b75b03634387636d6fedc8a45) Importer(815301076,1909f56bfc062723c751e8b465ee728b)
Start importing Assets/Worlds/Park using Guid(c411f35b75b03634387636d6fedc8a45) Importer(815301076,1909f56bfc062723c751e8b465ee728b)  -> (artifact id: 'f496a246d0e2b8bf75f288c81d6d2d06') in 0.007329 seconds 
  Import took 0.020113 seconds .

========================================================================
Received Import Request.
  Time since last request: 67.707308 seconds.
  path: Assets/Worlds/Planets/ParkWorld.png
  artifactKey: Guid(55be3cbebcbe5b846ae365744105fc62) Importer(815301076,1909f56bfc062723c751e8b465ee728b)
Start importing Assets/Worlds/Planets/ParkWorld.png using Guid(55be3cbebcbe5b846ae365744105fc62) Importer(815301076,1909f56bfc062723c751e8b465ee728b)  -> (artifact id: '0256e892e5d65f66a199f08cf810a6f5') in 0.015240 seconds 
  Import took 0.047205 seconds .

========================================================================
Received Import Request.
  Time since last request: 9.600126 seconds.
  path: Assets/Worlds/Planets/ParkWorld.png
  artifactKey: Guid(55be3cbebcbe5b846ae365744105fc62) Importer(815301076,1909f56bfc062723c751e8b465ee728b)
Start importing Assets/Worlds/Planets/ParkWorld.png using Guid(55be3cbebcbe5b846ae365744105fc62) Importer(815301076,1909f56bfc062723c751e8b465ee728b)  -> (artifact id: '0784c22b5e0cd4387cd134a9e6b0326e') in 0.010592 seconds 
  Import took 0.014014 seconds .

========================================================================
Received Import Request.
  Time since last request: 4.559996 seconds.
  path: Assets/Worlds/Planets/ParkWorld.png
  artifactKey: Guid(55be3cbebcbe5b846ae365744105fc62) Importer(815301076,1909f56bfc062723c751e8b465ee728b)
Start importing Assets/Worlds/Planets/ParkWorld.png using Guid(55be3cbebcbe5b846ae365744105fc62) Importer(815301076,1909f56bfc062723c751e8b465ee728b)  -> (artifact id: 'dab449b7790da7e84ff9edef3061a844') in 0.023327 seconds 
  Import took 0.042811 seconds .

AssetImportWorkerClient::OnTransportError - code=2 error=End of file
